<?xml version="1.0" encoding="UTF-8"?>
<testsuite xmlns:xsi="http://www.w3.org/2001/XMLSchema-instance" xsi:noNamespaceSchemaLocation="https://maven.apache.org/surefire/maven-surefire-plugin/xsd/surefire-test-report-3.0.xsd" version="3.0" name="com.example.aicareerguidance.AiCareerGuidancePlatformApplicationTests" time="20.886" tests="1" errors="0" skipped="0" failures="0">
  <properties>
[...]
</properties>
  <testcase name="contextLoads" classname="com.example.aicareerguidance.AiCareerGuidancePlatformApplicationTests" time="0.197">
    <system-out><![CDATA[
  .   ____          _            __ _ _
 /\\ / ___'_ __ _ _(_)_ __  __ _ \ \ \ \
( ( )\___ | '_ | '_| | '_ \/ _` | \ \ \ \
 \\/  ___)| |_)| | | | | || (_| |  ) ) ) )
  '  |____| .__|_| |_|_| |_\__, | / / / /
 =========|_|==============|___/=/_/_/_/

 :: Spring Boot ::                (v3.3.2)

2025-07-25T19:03:56.312+05:30  INFO 27196 --- [           main] AiCareerGuidancePlatformApplicationTests : Starting AiCareerGuidancePlatformApplicationTests using Java 21.0.8 with PID 27196 (started by shaik in G:\Microservices app\ai-career-guidance-platform)
2025-07-25T19:03:56.321+05:30  INFO 27196 --- [           main] AiCareerGuidancePlatformApplicationTests : The following 1 profile is active: "test"
2025-07-25T19:03:59.183+05:30  INFO 27196 --- [           main] .s.d.r.c.RepositoryConfigurationDelegate : Multiple Spring Data modules found, entering strict repository configuration mode
2025-07-25T19:03:59.183+05:30  INFO 27196 --- [           main] .s.d.r.c.RepositoryConfigurationDelegate : Bootstrapping Spring Data JPA repositories in DEFAULT mode.
2025-07-25T19:03:59.440+05:30  INFO 27196 --- [           main] .s.d.r.c.RepositoryConfigurationDelegate : Finished Spring Data repository scanning in 242 ms. Found 1 JPA repository interface.
2025-07-25T19:04:01.762+05:30  INFO 27196 --- [           main] o.hibernate.jpa.internal.util.LogHelper  : HHH000204: Processing PersistenceUnitInfo [name: default]
2025-07-25T19:04:01.932+05:30  INFO 27196 --- [           main] org.hibernate.Version                    : HHH000412: Hibernate ORM core version 6.5.2.Final
2025-07-25T19:04:02.052+05:30  INFO 27196 --- [           main] o.h.c.internal.RegionFactoryInitiator    : HHH000026: Second-level cache disabled
2025-07-25T19:04:03.443+05:30  INFO 27196 --- [           main] o.s.o.j.p.SpringPersistenceUnitInfo      : No LoadTimeWeaver setup: ignoring JPA class transformer
2025-07-25T19:04:03.500+05:30  INFO 27196 --- [           main] com.zaxxer.hikari.HikariDataSource       : HikariPool-1 - Starting...
2025-07-25T19:04:03.923+05:30  INFO 27196 --- [           main] com.zaxxer.hikari.pool.HikariPool        : HikariPool-1 - Added connection conn0: url=jdbc:h2:mem:testdb user=SA
2025-07-25T19:04:03.927+05:30  INFO 27196 --- [           main] com.zaxxer.hikari.HikariDataSource       : HikariPool-1 - Start completed.
2025-07-25T19:04:04.022+05:30  WARN 27196 --- [           main] org.hibernate.orm.deprecation            : HHH90000025: H2Dialect does not need to be specified explicitly using 'hibernate.dialect' (remove the property setting and it will be selected by default)
2025-07-25T19:04:06.569+05:30  INFO 27196 --- [           main] o.h.e.t.j.p.i.JtaPlatformInitiator       : HHH000489: No JTA platform available (set 'hibernate.transaction.jta.platform' to enable JTA platform integration)
Hibernate: 
    create table interviews (
        id bigint generated by default as identity,
        created_at timestamp(6),
        domain varchar(255),
        favorite_language varchar(255),
        feedback varchar(255),
        interview_mode varchar(255),
        job_role varchar(255),
        responses varchar(255),
        resume_text varchar(255),
        selected boolean not null,
        updated_at timestamp(6),
        primary key (id)
    )
2025-07-25T19:04:06.695+05:30  INFO 27196 --- [           main] j.LocalContainerEntityManagerFactoryBean : Initialized JPA EntityManagerFactory for persistence unit 'default'
2025-07-25T19:04:13.126+05:30  WARN 27196 --- [           main] JpaBaseConfiguration$JpaWebConfiguration : spring.jpa.open-in-view is enabled by default. Therefore, database queries may be performed during view rendering. Explicitly configure spring.jpa.open-in-view to disable this warning
2025-07-25T19:04:14.631+05:30  INFO 27196 --- [           main] o.s.b.a.h2.H2ConsoleAutoConfiguration    : H2 console available at '/h2-console'. Database available at 'jdbc:h2:mem:testdb'
2025-07-25T19:04:14.833+05:30  INFO 27196 --- [           main] AiCareerGuidancePlatformApplicationTests : Started AiCareerGuidancePlatformApplicationTests in 19.556 seconds (process running for 22.653)
]]></system-out>
    <system-err><![CDATA[WARNING: A Java agent has been loaded dynamically (C:\Users\shaik\.m2\repository\net\bytebuddy\byte-buddy-agent\1.14.18\byte-buddy-agent-1.14.18.jar)
WARNING: If a serviceability tool is in use, please run with -XX:+EnableDynamicAgentLoading to hide this warning
WARNING: If a serviceability tool is not in use, please run with -Djdk.instrument.traceUsage for more information
WARNING: Dynamic loading of agents will be disallowed by default in a future release
]]></system-err>
  </testcase>
</testsuite>